#
# A fatal error has been detected by the Java Runtime Environment:
#
#  SIGBUS (0x7) at pc=0x00007f37a8338d53, pid=13796, tid=17631
#
# JRE version: OpenJDK Runtime Environment (11.0.10) (build 11.0.10+0-b96-7249189)
# Java VM: OpenJDK 64-Bit Server VM (11.0.10+0-b96-7249189, mixed mode, tiered, compressed oops, g1 gc, linux-amd64)
# Problematic frame:
# C  [libjimage.so+0x5d53]
#
# Core dump will be written. Default location: Core dumps may be processed with "/usr/share/apport/apport %p %s %c %d %P %E" (or dumping to /media/rato/DATA/Development/Android/Dicoding/githubuser-submission-andhiratobing/core.13796)
#
# If you would like to submit a bug report, please visit:
#   https://bugreport.java.com/bugreport/crash.jsp
#

---------------  S U M M A R Y ------------

Command Line: --add-opens=java.base/java.util=ALL-UNNAMED --add-opens=java.base/java.lang=ALL-UNNAMED --add-opens=java.base/java.lang.invoke=ALL-UNNAMED --add-opens=java.base/java.util=ALL-UNNAMED --add-opens=java.prefs/java.util.prefs=ALL-UNNAMED --add-opens=java.prefs/java.util.prefs=ALL-UNNAMED --add-opens=java.base/java.nio.charset=ALL-UNNAMED --add-opens=java.base/java.net=ALL-UNNAMED --add-opens=java.base/java.util.concurrent.atomic=ALL-UNNAMED -Xmx2048m -Dfile.encoding=UTF-8 -Duser.country=US -Duser.language=en -Duser.variant org.gradle.launcher.daemon.bootstrap.GradleDaemon 7.0.2

Host: Intel(R) Core(TM) i3-3217U CPU @ 1.80GHz, 4 cores, 9G, Ubuntu 21.04
Time: Sat Sep 11 03:21:07 2021 WIB elapsed time: 6527.630983 seconds (0d 1h 48m 47s)

---------------  T H R E A D  ---------------

Current thread (0x00007f3768a16000):  JavaThread "RMI RenewClean-[127.0.0.1:17307,org.jetbrains.kotlin.daemon.common.LoopbackNetworkInterface$ClientLoopbackSocketFactory@2c530b9a]" daemon [_thread_in_vm, id=17631, stack(0x00007f370e7f8000,0x00007f370e8f9000)]

Stack: [0x00007f370e7f8000,0x00007f370e8f9000],  sp=0x00007f370e8f41d0,  free space=1008k
Native frames: (J=compiled Java code, A=aot compiled Java code, j=interpreted, Vv=VM code, C=native code)
C  [libjimage.so+0x5d53]
C  [libjimage.so+0x7421]
C  [libjimage.so+0x846d]
C  [libjimage.so+0x85ce]  JIMAGE_GetResource+0xe
V  [libjvm.so+0x55bc0b]
V  [libjvm.so+0x55e89d]
V  [libjvm.so+0xb9b39f]
V  [libjvm.so+0xb9a392]
V  [libjvm.so+0xb995cb]
V  [libjvm.so+0x5e54f9]
V  [libjvm.so+0xa25903]
V  [libjvm.so+0xb1955f]
V  [libjvm.so+0x4ef11e]
v  ~RuntimeStub::handle_exception_from_callee Runtime1 stub
J 36262 c1 java.net.SocketInputStream.read([BIII)I java.base@11.0.10 (226 bytes) @ 0x00007f37957081d4 [0x00007f3795707640+0x0000000000000b94]
J 36261 c1 java.net.SocketInputStream.read([BII)I java.base@11.0.10 (15 bytes) @ 0x00007f3795705ddc [0x00007f3795705cc0+0x000000000000011c]
J 25508 c2 java.io.BufferedInputStream.fill()V java.base@11.0.10 (236 bytes) @ 0x00007f3799dfe498 [0x00007f3799dfe3c0+0x00000000000000d8]
J 2109 c2 java.io.BufferedInputStream.read()I java.base@11.0.10 (49 bytes) @ 0x00007f37990e0b28 [0x00007f37990e0a40+0x00000000000000e8]
J 63579 c2 java.io.DataInputStream.readByte()B java.base@11.0.10 (23 bytes) @ 0x00007f379bb213e4 [0x00007f379bb213a0+0x0000000000000044]
j  sun.rmi.transport.tcp.TCPChannel.createConnection()Lsun/rmi/transport/Connection;+114 java.rmi@11.0.10
j  sun.rmi.transport.tcp.TCPChannel.newConnection()Lsun/rmi/transport/Connection;+101 java.rmi@11.0.10
j  sun.rmi.server.UnicastRef.newCall(Ljava/rmi/server/RemoteObject;[Ljava/rmi/server/Operation;IJ)Ljava/rmi/server/RemoteCall;+18 java.rmi@11.0.10
j  sun.rmi.transport.DGCImpl_Stub.clean([Ljava/rmi/server/ObjID;JLjava/rmi/dgc/VMID;Z)V+12 java.rmi@11.0.10
j  sun.rmi.transport.DGCClient$EndpointEntry.makeCleanCalls()V+69 java.rmi@11.0.10
j  sun.rmi.transport.DGCClient$EndpointEntry$RenewCleanThread.lambda$run$0(ZLjava/util/Set;J)Ljava/lang/Void;+32 java.rmi@11.0.10
j  sun.rmi.transport.DGCClient$EndpointEntry$RenewCleanThread$$Lambda$1966.run()Ljava/lang/Object;+16 java.rmi@11.0.10
v  ~StubRoutines::call_stub
V  [libjvm.so+0x7724cf]
V  [libjvm.so+0x804c67]  JVM_DoPrivileged+0x817
J 6434  java.security.AccessController.doPrivileged(Ljava/security/PrivilegedAction;Ljava/security/AccessControlContext;)Ljava/lang/Object; java.base@11.0.10 (0 bytes) @ 0x00007f3799385d18 [0x00007f3799385c40+0x00000000000000d8]
j  sun.rmi.transport.DGCClient$EndpointEntry$RenewCleanThread.run()V+244 java.rmi@11.0.10
J 29878 c1 java.lang.Thread.run()V java.base@11.0.10 (17 bytes) @ 0x00007f3794d186f4 [0x00007f3794d185c0+0x0000000000000134]
v  ~StubRoutines::call_stub
V  [libjvm.so+0x7724cf]
V  [libjvm.so+0x7717e4]
V  [libjvm.so+0x771892]
V  [libjvm.so+0x810530]
V  [libjvm.so+0xbcc973]
V  [libjvm.so+0xbca448]
V  [libjvm.so+0xa7d25e]

Java frames: (J=compiled Java code, j=interpreted, Vv=VM code)
v  ~RuntimeStub::handle_exception_from_callee Runtime1 stub
J 36262 c1 java.net.SocketInputStream.read([BIII)I java.base@11.0.10 (226 bytes) @ 0x00007f37957081d4 [0x00007f3795707640+0x0000000000000b94]
J 36261 c1 java.net.SocketInputStream.read([BII)I java.base@11.0.10 (15 bytes) @ 0x00007f3795705ddc [0x00007f3795705cc0+0x000000000000011c]
J 25508 c2 java.io.BufferedInputStream.fill()V java.base@11.0.10 (236 bytes) @ 0x00007f3799dfe498 [0x00007f3799dfe3c0+0x00000000000000d8]
J 2109 c2 java.io.BufferedInputStream.read()I java.base@11.0.10 (49 bytes) @ 0x00007f37990e0b28 [0x00007f37990e0a40+0x00000000000000e8]
J 63579 c2 java.io.DataInputStream.readByte()B java.base@11.0.10 (23 bytes) @ 0x00007f379bb213e4 [0x00007f379bb213a0+0x0000000000000044]
j  sun.rmi.transport.tcp.TCPChannel.createConnection()Lsun/rmi/transport/Connection;+114 java.rmi@11.0.10
j  sun.rmi.transport.tcp.TCPChannel.newConnection()Lsun/rmi/transport/Connection;+101 java.rmi@11.0.10
j  sun.rmi.server.UnicastRef.newCall(Ljava/rmi/server/RemoteObject;[Ljava/rmi/server/Operation;IJ)Ljava/rmi/server/RemoteCall;+18 java.rmi@11.0.10
j  sun.rmi.transport.DGCImpl_Stub.clean([Ljava/rmi/server/ObjID;JLjava/rmi/dgc/VMID;Z)V+12 java.rmi@11.0.10
j  sun.rmi.transport.DGCClient$EndpointEntry.makeCleanCalls()V+69 java.rmi@11.0.10
j  sun.rmi.transport.DGCClient$EndpointEntry$RenewCleanThread.lambda$run$0(ZLjava/util/Set;J)Ljava/lang/Void;+32 java.rmi@11.0.10
j  sun.rmi.transport.DGCClient$EndpointEntry$RenewCleanThread$$Lambda$1966.run()Ljava/lang/Object;+16 java.rmi@11.0.10
v  ~StubRoutines::call_stub
J 6434  java.security.AccessController.doPrivileged(Ljava/security/PrivilegedAction;Ljava/security/AccessControlContext;)Ljava/lang/Object; java.base@11.0.10 (0 bytes) @ 0x00007f3799385ca3 [0x00007f3799385c40+0x0000000000000063]
j  sun.rmi.transport.DGCClient$EndpointEntry$RenewCleanThread.run()V+244 java.rmi@11.0.10
J 29878 c1 java.lang.Thread.run()V java.base@11.0.10 (17 bytes) @ 0x00007f3794d186f4 [0x00007f3794d185c0+0x0000000000000134]
v  ~StubRoutines::call_stub

siginfo: si_signo: 7 (SIGBUS), si_code: 2 (BUS_ADRERR)